build/app/intermediates/manifest_merge_blame_file/debug/manifest-merger-blame-debug-report.txt
1<?xml version="1.0" encoding="utf-8"?>
2<manifest xmlns:android="http://schemas.android.com/apk/res/android"
3    package="com.appscrip.super_token_demo"
4    android:versionCode="1"
5    android:versionName="1.0.0" >
6
7    <uses-sdk
8        android:minSdkVersion="19"
9        android:targetSdkVersion="33" />
10    <!--
11         The INTERNET permission is required for development. Specifically,
12         the Flutter tool needs it to communicate with the running application
13         to allow setting breakpoints, to provide hot reload, etc.
14    -->
15    <uses-permission android:name="android.permission.INTERNET" />
15-->src/main/AndroidManifest.xml:2:5-67
15-->src/main/AndroidManifest.xml:2:22-64
16    <uses-permission android:name="android.permission.ACCESS_NETWORK_STATE" />
16-->[com.google.android.gms:play-services-measurement-api:21.3.0] AndroidManifest.xml:23:5-79
16-->[com.google.android.gms:play-services-measurement-api:21.3.0] AndroidManifest.xml:23:22-76
17    <uses-permission android:name="android.permission.WAKE_LOCK" />
17-->[com.google.android.gms:play-services-measurement-api:21.3.0] AndroidManifest.xml:24:5-68
17-->[com.google.android.gms:play-services-measurement-api:21.3.0] AndroidManifest.xml:24:22-65
18    <uses-permission android:name="com.google.android.gms.permission.AD_ID" />
18-->[com.google.android.gms:play-services-measurement-api:21.3.0] AndroidManifest.xml:25:5-79
18-->[com.google.android.gms:play-services-measurement-api:21.3.0] AndroidManifest.xml:25:22-76
19    <uses-permission android:name="com.google.android.finsky.permission.BIND_GET_INSTALL_REFERRER_SERVICE" />
19-->[com.google.android.gms:play-services-measurement:21.3.0] AndroidManifest.xml:26:5-110
19-->[com.google.android.gms:play-services-measurement:21.3.0] AndroidManifest.xml:26:22-107
20
21    <application
22        android:name="android.app.Application"
23        android:appComponentFactory="androidx.core.app.CoreComponentFactory"
23-->[androidx.core:core:1.6.0] AndroidManifest.xml:24:18-86
24        android:debuggable="true"
25        android:icon="@mipmap/ic_launcher"
26        android:label="super_token_demo" >
27        <activity
28            android:name="com.appscrip.super_token_demo.MainActivity"
29            android:configChanges="orientation|keyboardHidden|keyboard|screenSize|smallestScreenSize|locale|layoutDirection|fontScale|screenLayout|density|uiMode"
30            android:exported="true"
31            android:hardwareAccelerated="true"
32            android:launchMode="singleTop"
33            android:theme="@style/LaunchTheme"
34            android:windowSoftInputMode="adjustResize" >
35
36            <!--
37                 Specifies an Android theme to apply to this Activity as soon as
38                 the Android process has started. This theme is visible to the user
39                 while the Flutter UI initializes. After that, this theme continues
40                 to determine the Window background behind the Flutter UI.
41            -->
42            <meta-data
43                android:name="io.flutter.embedding.android.NormalTheme"
44                android:resource="@style/NormalTheme" />
45
46            <intent-filter>
47                <action android:name="android.intent.action.MAIN" />
48
49                <category android:name="android.intent.category.LAUNCHER" />
50            </intent-filter>
51        </activity>
52        <!--
53             Don't delete the meta-data below.
54             This is used by the Flutter tool to generate GeneratedPluginRegistrant.java
55        -->
56        <meta-data
57            android:name="flutterEmbedding"
58            android:value="2" />
59
60        <service
60-->[com.google.firebase:firebase-analytics-ktx:21.3.0] AndroidManifest.xml:8:9-14:19
61            android:name="com.google.firebase.components.ComponentDiscoveryService"
61-->[com.google.firebase:firebase-analytics-ktx:21.3.0] AndroidManifest.xml:9:13-84
62            android:directBootAware="true"
62-->[com.google.firebase:firebase-common:20.3.3] AndroidManifest.xml:34:13-43
63            android:exported="false" >
63-->[com.google.firebase:firebase-analytics-ktx:21.3.0] AndroidManifest.xml:10:13-37
64            <meta-data
64-->[com.google.firebase:firebase-analytics-ktx:21.3.0] AndroidManifest.xml:11:13-13:85
65                android:name="com.google.firebase.components:com.google.firebase.analytics.ktx.FirebaseAnalyticsKtxRegistrar"
65-->[com.google.firebase:firebase-analytics-ktx:21.3.0] AndroidManifest.xml:12:17-126
66                android:value="com.google.firebase.components.ComponentRegistrar" />
66-->[com.google.firebase:firebase-analytics-ktx:21.3.0] AndroidManifest.xml:13:17-82
67            <meta-data
67-->[com.google.firebase:firebase-common-ktx:20.3.3] AndroidManifest.xml:14:13-16:85
68                android:name="com.google.firebase.components:com.google.firebase.ktx.FirebaseCommonKtxRegistrar"
68-->[com.google.firebase:firebase-common-ktx:20.3.3] AndroidManifest.xml:15:17-113
69                android:value="com.google.firebase.components.ComponentRegistrar" />
69-->[com.google.firebase:firebase-common-ktx:20.3.3] AndroidManifest.xml:16:17-82
70            <meta-data
70-->[com.google.android.gms:play-services-measurement-api:21.3.0] AndroidManifest.xml:31:13-33:85
71                android:name="com.google.firebase.components:com.google.firebase.analytics.connector.internal.AnalyticsConnectorRegistrar"
71-->[com.google.android.gms:play-services-measurement-api:21.3.0] AndroidManifest.xml:32:17-139
72                android:value="com.google.firebase.components.ComponentRegistrar" />
72-->[com.google.android.gms:play-services-measurement-api:21.3.0] AndroidManifest.xml:33:17-82
73            <meta-data
73-->[com.google.firebase:firebase-installations:17.1.4] AndroidManifest.xml:15:13-17:85
74                android:name="com.google.firebase.components:com.google.firebase.installations.FirebaseInstallationsRegistrar"
74-->[com.google.firebase:firebase-installations:17.1.4] AndroidManifest.xml:16:17-127
75                android:value="com.google.firebase.components.ComponentRegistrar" />
75-->[com.google.firebase:firebase-installations:17.1.4] AndroidManifest.xml:17:17-82
76        </service>
77
78        <uses-library
78-->[androidx.window:window:1.0.0-beta04] AndroidManifest.xml:25:9-27:40
79            android:name="androidx.window.extensions"
79-->[androidx.window:window:1.0.0-beta04] AndroidManifest.xml:26:13-54
80            android:required="false" />
80-->[androidx.window:window:1.0.0-beta04] AndroidManifest.xml:27:13-37
81        <uses-library
81-->[androidx.window:window:1.0.0-beta04] AndroidManifest.xml:28:9-30:40
82            android:name="androidx.window.sidecar"
82-->[androidx.window:window:1.0.0-beta04] AndroidManifest.xml:29:13-51
83            android:required="false" />
83-->[androidx.window:window:1.0.0-beta04] AndroidManifest.xml:30:13-37
84
85        <provider
85-->[com.google.firebase:firebase-common:20.3.3] AndroidManifest.xml:25:9-30:39
86            android:name="com.google.firebase.provider.FirebaseInitProvider"
86-->[com.google.firebase:firebase-common:20.3.3] AndroidManifest.xml:26:13-77
87            android:authorities="com.appscrip.super_token_demo.firebaseinitprovider"
87-->[com.google.firebase:firebase-common:20.3.3] AndroidManifest.xml:27:13-72
88            android:directBootAware="true"
88-->[com.google.firebase:firebase-common:20.3.3] AndroidManifest.xml:28:13-43
89            android:exported="false"
89-->[com.google.firebase:firebase-common:20.3.3] AndroidManifest.xml:29:13-37
90            android:initOrder="100" />
90-->[com.google.firebase:firebase-common:20.3.3] AndroidManifest.xml:30:13-36
91
92        <activity
92-->[com.google.android.gms:play-services-auth:20.7.0] AndroidManifest.xml:23:9-27:75
93            android:name="com.google.android.gms.auth.api.signin.internal.SignInHubActivity"
93-->[com.google.android.gms:play-services-auth:20.7.0] AndroidManifest.xml:24:13-93
94            android:excludeFromRecents="true"
94-->[com.google.android.gms:play-services-auth:20.7.0] AndroidManifest.xml:25:13-46
95            android:exported="false"
95-->[com.google.android.gms:play-services-auth:20.7.0] AndroidManifest.xml:26:13-37
96            android:theme="@android:style/Theme.Translucent.NoTitleBar" />
96-->[com.google.android.gms:play-services-auth:20.7.0] AndroidManifest.xml:27:13-72
97        <!--
98            Service handling Google Sign-In user revocation. For apps that do not integrate with
99            Google Sign-In, this service will never be started.
100        -->
101        <service
101-->[com.google.android.gms:play-services-auth:20.7.0] AndroidManifest.xml:33:9-37:51
102            android:name="com.google.android.gms.auth.api.signin.RevocationBoundService"
102-->[com.google.android.gms:play-services-auth:20.7.0] AndroidManifest.xml:34:13-89
103            android:exported="true"
103-->[com.google.android.gms:play-services-auth:20.7.0] AndroidManifest.xml:35:13-36
104            android:permission="com.google.android.gms.auth.api.signin.permission.REVOCATION_NOTIFICATION"
104-->[com.google.android.gms:play-services-auth:20.7.0] AndroidManifest.xml:36:13-107
105            android:visibleToInstantApps="true" />
105-->[com.google.android.gms:play-services-auth:20.7.0] AndroidManifest.xml:37:13-48
106
107        <activity
107-->[com.google.android.gms:play-services-base:18.0.1] AndroidManifest.xml:20:9-22:45
108            android:name="com.google.android.gms.common.api.GoogleApiActivity"
108-->[com.google.android.gms:play-services-base:18.0.1] AndroidManifest.xml:20:19-85
109            android:exported="false"
109-->[com.google.android.gms:play-services-base:18.0.1] AndroidManifest.xml:22:19-43
110            android:theme="@android:style/Theme.Translucent.NoTitleBar" />
110-->[com.google.android.gms:play-services-base:18.0.1] AndroidManifest.xml:21:19-78
111
112        <receiver
112-->[com.google.android.gms:play-services-measurement:21.3.0] AndroidManifest.xml:29:9-33:20
113            android:name="com.google.android.gms.measurement.AppMeasurementReceiver"
113-->[com.google.android.gms:play-services-measurement:21.3.0] AndroidManifest.xml:30:13-85
114            android:enabled="true"
114-->[com.google.android.gms:play-services-measurement:21.3.0] AndroidManifest.xml:31:13-35
115            android:exported="false" >
115-->[com.google.android.gms:play-services-measurement:21.3.0] AndroidManifest.xml:32:13-37
116        </receiver>
117
118        <service
118-->[com.google.android.gms:play-services-measurement:21.3.0] AndroidManifest.xml:35:9-38:40
119            android:name="com.google.android.gms.measurement.AppMeasurementService"
119-->[com.google.android.gms:play-services-measurement:21.3.0] AndroidManifest.xml:36:13-84
120            android:enabled="true"
120-->[com.google.android.gms:play-services-measurement:21.3.0] AndroidManifest.xml:37:13-35
121            android:exported="false" />
121-->[com.google.android.gms:play-services-measurement:21.3.0] AndroidManifest.xml:38:13-37
122        <service
122-->[com.google.android.gms:play-services-measurement:21.3.0] AndroidManifest.xml:39:9-43:72
123            android:name="com.google.android.gms.measurement.AppMeasurementJobService"
123-->[com.google.android.gms:play-services-measurement:21.3.0] AndroidManifest.xml:40:13-87
124            android:enabled="true"
124-->[com.google.android.gms:play-services-measurement:21.3.0] AndroidManifest.xml:41:13-35
125            android:exported="false"
125-->[com.google.android.gms:play-services-measurement:21.3.0] AndroidManifest.xml:42:13-37
126            android:permission="android.permission.BIND_JOB_SERVICE" />
126-->[com.google.android.gms:play-services-measurement:21.3.0] AndroidManifest.xml:43:13-69
127
128        <meta-data
128-->[com.google.android.gms:play-services-basement:18.2.0] AndroidManifest.xml:21:9-23:69
129            android:name="com.google.android.gms.version"
129-->[com.google.android.gms:play-services-basement:18.2.0] AndroidManifest.xml:22:13-58
130            android:value="@integer/google_play_services_version" />
130-->[com.google.android.gms:play-services-basement:18.2.0] AndroidManifest.xml:23:13-66
131    </application>
132
133</manifest>